mode: set
assignment_2/src/app/readJson/readApi.go:18.41,40.16 6 1
assignment_2/src/app/readJson/readApi.go:43.2,47.13 3 1
assignment_2/src/app/readJson/readApi.go:40.16,42.3 1 0
assignment_2/src/app/readJson/readApi.go:50.59,56.16 4 1
assignment_2/src/app/readJson/readApi.go:61.2,62.16 2 1
assignment_2/src/app/readJson/readApi.go:66.2,70.19 3 1
assignment_2/src/app/readJson/readApi.go:56.16,59.3 2 0
assignment_2/src/app/readJson/readApi.go:62.16,64.3 1 0
assignment_2/src/app/handlers/handlerPolicy.go:13.60,14.18 1 1
assignment_2/src/app/handlers/handlerPolicy.go:15.22,16.25 1 1
assignment_2/src/app/handlers/handlerPolicy.go:17.10,18.71 1 1
assignment_2/src/app/handlers/handlerPolicy.go:24.63,27.59 2 1
assignment_2/src/app/handlers/handlerPolicy.go:27.59,33.17 4 1
assignment_2/src/app/handlers/handlerPolicy.go:33.17,35.4 1 0
assignment_2/src/app/handlers/handlerPolicy.go:37.8,39.3 1 1
assignment_2/src/app/handlers/handlerStatus.go:16.60,17.18 1 1
assignment_2/src/app/handlers/handlerStatus.go:18.22,19.25 1 1
assignment_2/src/app/handlers/handlerStatus.go:20.10,21.88 1 1
assignment_2/src/app/handlers/handlerStatus.go:28.63,32.41 3 1
assignment_2/src/app/handlers/handlerStatus.go:37.2,51.16 5 1
assignment_2/src/app/handlers/handlerStatus.go:32.41,35.3 2 0
assignment_2/src/app/handlers/handlerStatus.go:51.16,53.3 1 0
assignment_2/src/app/handlers/handlerCases.go:12.59,13.18 1 1
assignment_2/src/app/handlers/handlerCases.go:14.22,15.24 1 1
assignment_2/src/app/handlers/handlerCases.go:16.10,17.86 1 1
assignment_2/src/app/handlers/handlerCases.go:23.62,25.23 2 1
assignment_2/src/app/handlers/handlerCases.go:25.23,32.3 3 1
assignment_2/src/app/handlers/handlerCases.go:32.8,34.3 1 1
assignment_2/src/app/handlers/handlerDefault.go:10.61,11.18 1 1
assignment_2/src/app/handlers/handlerDefault.go:12.10,14.107 1 1
assignment_2/src/app/handlers/handlerNotification.go:32.66,37.16 4 0
assignment_2/src/app/handlers/handlerNotification.go:41.2,43.16 2 0
assignment_2/src/app/handlers/handlerNotification.go:47.2,47.18 1 0
assignment_2/src/app/handlers/handlerNotification.go:57.2,57.15 1 0
assignment_2/src/app/handlers/handlerNotification.go:37.16,39.3 1 0
assignment_2/src/app/handlers/handlerNotification.go:43.16,45.3 1 0
assignment_2/src/app/handlers/handlerNotification.go:48.23,49.25 1 0
assignment_2/src/app/handlers/handlerNotification.go:50.25,51.27 1 0
assignment_2/src/app/handlers/handlerNotification.go:52.22,53.24 1 0
assignment_2/src/app/handlers/handlerNotification.go:54.10,54.10 0 0
assignment_2/src/app/handlers/handlerNotification.go:57.15,59.17 2 0
assignment_2/src/app/handlers/handlerNotification.go:59.17,61.4 1 0
assignment_2/src/app/handlers/handlerNotification.go:65.62,70.19 4 0
assignment_2/src/app/handlers/handlerNotification.go:70.19,72.23 2 0
assignment_2/src/app/handlers/handlerNotification.go:72.23,76.18 3 0
assignment_2/src/app/handlers/handlerNotification.go:81.4,82.18 2 0
assignment_2/src/app/handlers/handlerNotification.go:86.4,89.19 4 0
assignment_2/src/app/handlers/handlerNotification.go:76.18,79.5 2 0
assignment_2/src/app/handlers/handlerNotification.go:82.18,84.5 1 0
assignment_2/src/app/handlers/handlerNotification.go:89.19,91.5 1 0
assignment_2/src/app/handlers/handlerNotification.go:92.9,95.8 2 0
assignment_2/src/app/handlers/handlerNotification.go:112.4,113.18 2 0
assignment_2/src/app/handlers/handlerNotification.go:95.8,97.29 2 0
assignment_2/src/app/handlers/handlerNotification.go:100.5,100.19 1 0
assignment_2/src/app/handlers/handlerNotification.go:104.5,105.19 2 0
assignment_2/src/app/handlers/handlerNotification.go:108.5,110.35 3 0
assignment_2/src/app/handlers/handlerNotification.go:97.29,98.11 1 0
assignment_2/src/app/handlers/handlerNotification.go:100.19,102.6 1 0
assignment_2/src/app/handlers/handlerNotification.go:105.19,107.6 1 0
assignment_2/src/app/handlers/handlerNotification.go:113.18,115.5 1 0
assignment_2/src/app/handlers/handlerNotification.go:118.8,120.3 1 0
assignment_2/src/app/handlers/handlerNotification.go:123.65,126.20 2 0
assignment_2/src/app/handlers/handlerNotification.go:126.20,129.17 3 0
assignment_2/src/app/handlers/handlerNotification.go:134.3,134.71 1 0
assignment_2/src/app/handlers/handlerNotification.go:129.17,132.4 2 0
assignment_2/src/app/handlers/handlerNotification.go:136.9,138.3 0 0
assignment_2/src/app/handlers/handlerNotification.go:141.63,144.16 3 0
assignment_2/src/app/handlers/handlerNotification.go:148.2,148.28 1 0
assignment_2/src/app/handlers/handlerNotification.go:144.16,147.3 2 0
assignment_2/src/app/handlers/handlerNotification.go:148.28,150.3 1 0
assignment_2/src/app/handlers/handlerNotification.go:150.8,158.17 3 0
assignment_2/src/app/handlers/handlerNotification.go:158.17,161.4 2 0
assignment_2/src/app/handlers/handlerNotification.go:161.9,164.4 2 0
assignment_2/src/app/handlers/handlerNotification.go:168.77,169.11 1 1
assignment_2/src/app/handlers/handlerNotification.go:169.11,176.17 6 0
assignment_2/src/app/handlers/handlerNotification.go:180.3,182.17 2 0
assignment_2/src/app/handlers/handlerNotification.go:186.3,188.7 2 0
assignment_2/src/app/handlers/handlerNotification.go:205.3,205.16 1 0
assignment_2/src/app/handlers/handlerNotification.go:212.3,212.18 1 0
assignment_2/src/app/handlers/handlerNotification.go:176.17,178.4 1 0
assignment_2/src/app/handlers/handlerNotification.go:182.17,184.4 1 0
assignment_2/src/app/handlers/handlerNotification.go:188.7,190.28 2 0
assignment_2/src/app/handlers/handlerNotification.go:193.4,193.18 1 0
assignment_2/src/app/handlers/handlerNotification.go:197.4,198.18 2 0
assignment_2/src/app/handlers/handlerNotification.go:201.4,203.34 3 0
assignment_2/src/app/handlers/handlerNotification.go:190.28,191.10 1 0
assignment_2/src/app/handlers/handlerNotification.go:193.18,195.5 1 0
assignment_2/src/app/handlers/handlerNotification.go:198.18,200.5 1 0
assignment_2/src/app/handlers/handlerNotification.go:205.16,207.18 2 0
assignment_2/src/app/handlers/handlerNotification.go:207.18,209.5 1 0
assignment_2/src/app/handlers/handlerNotification.go:213.8,215.3 1 1
assignment_2/src/app/handlers/handlerNotification.go:218.73,219.11 1 1
assignment_2/src/app/handlers/handlerNotification.go:219.11,226.17 6 0
assignment_2/src/app/handlers/handlerNotification.go:230.3,232.17 2 0
assignment_2/src/app/handlers/handlerNotification.go:236.3,239.17 3 0
assignment_2/src/app/handlers/handlerNotification.go:243.3,243.30 1 0
assignment_2/src/app/handlers/handlerNotification.go:259.3,263.16 2 0
assignment_2/src/app/handlers/handlerNotification.go:226.17,228.4 1 0
assignment_2/src/app/handlers/handlerNotification.go:232.17,234.4 1 0
assignment_2/src/app/handlers/handlerNotification.go:239.17,241.4 1 0
assignment_2/src/app/handlers/handlerNotification.go:243.30,245.18 2 0
assignment_2/src/app/handlers/handlerNotification.go:248.4,248.27 1 0
assignment_2/src/app/handlers/handlerNotification.go:245.18,247.5 1 0
assignment_2/src/app/handlers/handlerNotification.go:248.27,249.40 1 0
assignment_2/src/app/handlers/handlerNotification.go:249.40,252.6 2 0
assignment_2/src/app/handlers/handlerNotification.go:252.11,254.6 1 0
assignment_2/src/app/handlers/handlerNotification.go:263.16,265.18 2 0
assignment_2/src/app/handlers/handlerNotification.go:265.18,267.5 1 0
assignment_2/src/app/handlers/handlerNotification.go:269.8,271.3 1 1
assignment_2/src/app/handlers/handlerNotification.go:274.57,276.16 2 0
assignment_2/src/app/handlers/handlerNotification.go:281.2,283.16 3 0
assignment_2/src/app/handlers/handlerNotification.go:288.2,289.16 2 0
assignment_2/src/app/handlers/handlerNotification.go:294.2,295.36 1 0
assignment_2/src/app/handlers/handlerNotification.go:276.16,279.3 2 0
assignment_2/src/app/handlers/handlerNotification.go:283.16,286.3 2 0
assignment_2/src/app/handlers/handlerNotification.go:289.16,292.3 2 0
assignment_2/src/app/handlers/handlerNotification.go:298.39,303.6 3 0
assignment_2/src/app/handlers/handlerNotification.go:333.2,334.16 2 0
assignment_2/src/app/handlers/handlerNotification.go:338.2,338.19 1 0
assignment_2/src/app/handlers/handlerNotification.go:303.6,305.27 2 0
assignment_2/src/app/handlers/handlerNotification.go:318.3,318.17 1 0
assignment_2/src/app/handlers/handlerNotification.go:322.3,323.17 2 0
assignment_2/src/app/handlers/handlerNotification.go:326.3,328.32 3 0
assignment_2/src/app/handlers/handlerNotification.go:305.27,311.18 2 0
assignment_2/src/app/handlers/handlerNotification.go:316.4,316.9 1 0
assignment_2/src/app/handlers/handlerNotification.go:311.18,312.10 1 0
assignment_2/src/app/handlers/handlerNotification.go:313.10,315.5 1 0
assignment_2/src/app/handlers/handlerNotification.go:318.17,320.4 1 0
assignment_2/src/app/handlers/handlerNotification.go:323.17,325.4 1 0
assignment_2/src/app/handlers/handlerNotification.go:328.32,329.9 1 0
assignment_2/src/app/handlers/handlerNotification.go:334.17,336.3 0 0
assignment_2/src/app/handlers/handlerNotification.go:341.40,345.16 4 1
assignment_2/src/app/handlers/handlerNotification.go:349.2,352.16 3 1
assignment_2/src/app/handlers/handlerNotification.go:356.2,359.17 3 1
assignment_2/src/app/handlers/handlerNotification.go:345.16,347.3 1 0
assignment_2/src/app/handlers/handlerNotification.go:352.16,354.3 1 0
